<?xml version="1.0" encoding="UTF-8"?>
<testsuite xmlns:xsi="http://www.w3.org/2001/XMLSchema-instance" xsi:noNamespaceSchemaLocation="https://maven.apache.org/surefire/maven-surefire-plugin/xsd/surefire-test-report.xsd" version="3.0.2" name="TestSuite" time="36.391" tests="2" errors="0" skipped="0" failures="0">
  <properties>
[...]
</properties>
  <testcase name="runScenario[&quot;Validate Successful Login&quot;, &quot;WebDriver University - Login Page&quot;](1)" classname="runners.MainRunner" time="16.956">
    <system-out><![CDATA[
@login @regression
Scenario: Validate Successful Login                            # features/Login.feature:8
  Given I access the webdriver university login page           # stepDefinitions.Login_Steps.i_access_the_webdriver_university_login_page()
  When I enter a username webdriver                            # stepDefinitions.Login_Steps.i_enter_a_username(java.lang.String)
  And I enter a password webdriver123                          # stepDefinitions.Login_Steps.i_enter_a_password(java.lang.String)
  And I click on the login button                              # stepDefinitions.Login_Steps.i_click_on_the_login_button()
  Then I should be presented with the successful login message # stepDefinitions.Login_Steps.i_should_be_presented_with_the_successful_login_message()
]]></system-out>
    <system-err><![CDATA[SLF4J: Failed to load class "org.slf4j.impl.StaticLoggerBinder".
SLF4J: Defaulting to no-operation (NOP) logger implementation
SLF4J: See http://www.slf4j.org/codes.html#StaticLoggerBinder for further details.
січ. 01, 2025 2:13:21 ПП org.openqa.selenium.firefox.FirefoxDriver <init>
WARNING: CDP support for Firefox is deprecated and will be removed in future versions. Please switch to WebDriver BiDi.
]]></system-err>
  </testcase>
  <testcase name="runScenario[&quot;Validate Unsuccessful Login&quot;, &quot;WebDriver University - Login Page&quot;](2)" classname="runners.MainRunner" time="14.133">
    <system-out><![CDATA[
@login @regression
Scenario: Validate Unsuccessful Login                            # features/Login.feature:14
  Given I access the webdriver university login page             # stepDefinitions.Login_Steps.i_access_the_webdriver_university_login_page()
  When I enter a username "webdriver"                            # stepDefinitions.Login_Steps.i_enter_a_username(java.lang.String)
  And I enter a password password1234                            # stepDefinitions.Login_Steps.i_enter_a_password(java.lang.String)
  And I click on the login button                                # stepDefinitions.Login_Steps.i_click_on_the_login_button()
  Then I should be presented with the unsuccessful login message # stepDefinitions.Login_Steps.i_should_be_presented_with_the_unsuccessful_login_message()
]]></system-out>
    <system-err><![CDATA[січ. 01, 2025 2:13:35 ПП org.openqa.selenium.firefox.FirefoxDriver <init>
WARNING: CDP support for Firefox is deprecated and will be removed in future versions. Please switch to WebDriver BiDi.
]]></system-err>
  </testcase>
</testsuite>